[
  {
    "level": "INFO",
    "message": "android.ndkVersion from module build.gradle is not set"
  },
  {
    "level": "INFO",
    "message": "ndk.dir in local.properties is /media/pv/data2/android-ndk-r21c"
  },
  {
    "level": "INFO",
    "message": "ANDROID_NDK_HOME environment variable is not set"
  },
  {
    "level": "INFO",
    "message": "sdkFolder is /home/pv/Android/Sdk"
  },
  {
    "level": "INFO",
    "message": "Considering /media/pv/data2/android-ndk-r21c by ndk.dir"
  },
  {
    "level": "INFO",
    "message": "Considering /home/pv/Android/Sdk/ndk-bundle in SDK ndk-bundle folder"
  },
  {
    "level": "INFO",
    "message": "Considering /home/pv/Android/Sdk/ndk/21.3.6528147 in SDK ndk folder"
  },
  {
    "level": "INFO",
    "message": "Considering /home/pv/Android/Sdk/ndk/21.2.6472646 in SDK ndk folder"
  },
  {
    "level": "INFO",
    "message": "Rejected /home/pv/Android/Sdk/ndk-bundle in SDK ndk-bundle folder because that location has no source.properties"
  },
  {
    "level": "INFO",
    "message": "Rejected /home/pv/Android/Sdk/ndk/21.2.6472646 in SDK ndk folder because that location has no source.properties"
  },
  {
    "level": "INFO",
    "message": "Found requested ndk.dir (/media/pv/data2/android-ndk-r21c) which has version 21.2.6472646"
  }
]